[  3%] Built target ament_generate_version_header__rcl
[  6%] [32mBuilding C object CMakeFiles/rcl.dir/src/rcl/init.c.obj[0m
[01m[K/home/rsl/rt-thread/bsp/rockchip/rk3568/temp/micro/mcu/src/rcl/rcl/src/rcl/init.c:52:8:[m[K [01;31m[Kerror: [m[Kunknown type name '[01m[Krmw_uxrce_transport_params_t[m[K'
   52 | extern [01;31m[Krmw_uxrce_transport_params_t[m[K rmw_uxrce_transport_default_params;
      |        [01;31m[K^~~~~~~~~~~~~~~~~~~~~~~~~~~~[m[K
[01m[K/home/rsl/rt-thread/bsp/rockchip/rk3568/temp/micro/mcu/src/rcl/rcl/src/rcl/init.c:[m[K In function '[01m[Krcl_init[m[K':
[01m[K/home/rsl/rt-thread/bsp/rockchip/rk3568/temp/micro/mcu/src/rcl/rcl/src/rcl/init.c:99:3:[m[K [01;35m[Kwarning: [m[Kimplicit declaration of function '[01m[Kbrain_debug[m[K' [[01;35m[K-Wimplicit-function-declaration[m[K]
   99 |   [01;35m[Kbrain_debug[m[K(NULL);
      |   [01;35m[K^~~~~~~~~~~[m[K
make[2]: *** [CMakeFiles/rcl.dir/build.make:191: CMakeFiles/rcl.dir/src/rcl/init.c.obj] Error 1
make[1]: *** [CMakeFiles/Makefile2:156: CMakeFiles/rcl.dir/all] Error 2
make: *** [Makefile:146: all] Error 2
